Unity Editor version:    2020.3.26f1 (7298b473bc1a)
Branch:                  2020.3/staging
Build type:              Release
Batch mode:              YES
macOS version:           Version 12.1 (Build 21C52)
Darwin version:          21.2.0
Architecture:            x86_64
Running under Rosetta:   YES
Available memory:        8192 MB
Using pre-set license
Pro License: NO

COMMAND LINE ARGUMENTS:
/Applications/Unity/Hub/Editor/2020.3.26f1/Unity.app/Contents/MacOS/Unity
-adb2
-batchMode
-noUpm
-name
AssetImportWorker0
-projectPath
/Users/myaccount/Test Game/Objects
-logFile
Logs/AssetImportWorker0.log
-srvPort
49253
Successfully changed project path to: /Users/myaccount/Test Game/Objects
/Users/myaccount/Test Game/Objects
Using Asset Import Pipeline V2.
Refreshing native plugins compatible for Editor in 26.93 ms, found 2 plugins.
Preloading 0 native plugins for Editor in 0.00 ms.
Initialize engine version: 2020.3.26f1 (7298b473bc1a)
[Subsystems] Discovering subsystems at path /Applications/Unity/Hub/Editor/2020.3.26f1/Unity.app/Contents/Resources/UnitySubsystems
[Subsystems] Discovering subsystems at path /Users/myaccount/Test Game/Objects/Assets
GfxDevice: creating device client; threaded=0
2022-02-17 19:32:55.218 Unity[1079:13359] (null) preferred device: Apple M1 (high power)
2022-02-17 19:32:55.218 Unity[1079:13359] Metal devices available: 1
2022-02-17 19:32:55.218 Unity[1079:13359] 0: Apple M1 (high power)
2022-02-17 19:32:55.218 Unity[1079:13359] Using device Apple M1 (high power)
Initializing Metal device caps: Apple M1
Initialize mono
Mono path[0] = '/Applications/Unity/Hub/Editor/2020.3.26f1/Unity.app/Contents/Managed'
Mono path[1] = '/Applications/Unity/Hub/Editor/2020.3.26f1/Unity.app/Contents/MonoBleedingEdge/lib/mono/unityjit'
Mono config path = '/Applications/Unity/Hub/Editor/2020.3.26f1/Unity.app/Contents/MonoBleedingEdge/etc'
Using monoOptions --debugger-agent=transport=dt_socket,embedding=1,server=y,suspend=n,address=127.0.0.1:56079
Begin MonoManager ReloadAssembly
Registering precompiled unity dll's ...
Register platform support module: /Applications/Unity/Hub/Editor/2020.3.26f1/Unity.app/Contents/PlaybackEngines/MacStandaloneSupport/UnityEditor.OSXStandalone.Extensions.dll
Registered in 0.001938 seconds.
Native extension for OSXStandalone target not found
Refreshing native plugins compatible for Editor in 28.64 ms, found 2 plugins.
Preloading 0 native plugins for Editor in 0.00 ms.
Mono: successfully reloaded assembly
- Completed reload, in  1.189 seconds
Domain Reload Profiling:
	ReloadAssembly (1189ms)
		BeginReloadAssembly (75ms)
			ExecutionOrderSort (0ms)
			DisableScriptedObjects (0ms)
			BackupInstance (0ms)
			ReleaseScriptingObjects (0ms)
			CreateAndSetChildDomain (3ms)
		EndReloadAssembly (1000ms)
			LoadAssemblies (73ms)
			RebuildTransferFunctionScriptingTraits (0ms)
			SetupTypeCache (172ms)
			ReleaseScriptCaches (0ms)
			RebuildScriptCaches (42ms)
			SetupLoadedEditorAssemblies (501ms)
				LogAssemblyErrors (0ms)
				InitializePlatformSupportModulesInManaged (10ms)
				SetLoadedEditorAssemblies (1ms)
				RefreshPlugins (29ms)
				BeforeProcessingInitializeOnLoad (27ms)
				ProcessInitializeOnLoadAttributes (323ms)
				ProcessInitializeOnLoadMethodAttributes (111ms)
				AfterProcessingInitializeOnLoad (0ms)
				EditorAssembliesLoaded (1ms)
			ExecutionOrderSort2 (0ms)
			AwakeInstancesAfterBackupRestoration (0ms)
Platform modules already initialized, skipping
Registering precompiled user dll's ...
Registered in 0.004134 seconds.
Begin MonoManager ReloadAssembly
Native extension for OSXStandalone target not found
Refreshing native plugins compatible for Editor in 0.29 ms, found 2 plugins.
Preloading 0 native plugins for Editor in 0.00 ms.
Mono: successfully reloaded assembly
- Completed reload, in  2.017 seconds
Domain Reload Profiling:
	ReloadAssembly (2019ms)
		BeginReloadAssembly (240ms)
			ExecutionOrderSort (0ms)
			DisableScriptedObjects (32ms)
			BackupInstance (0ms)
			ReleaseScriptingObjects (0ms)
			CreateAndSetChildDomain (30ms)
		EndReloadAssembly (1690ms)
			LoadAssemblies (182ms)
			RebuildTransferFunctionScriptingTraits (0ms)
			SetupTypeCache (309ms)
			ReleaseScriptCaches (0ms)
			RebuildScriptCaches (48ms)
			SetupLoadedEditorAssemblies (904ms)
				LogAssemblyErrors (0ms)
				InitializePlatformSupportModulesInManaged (14ms)
				SetLoadedEditorAssemblies (1ms)
				RefreshPlugins (0ms)
				BeforeProcessingInitializeOnLoad (111ms)
				ProcessInitializeOnLoadAttributes (749ms)
				ProcessInitializeOnLoadMethodAttributes (27ms)
				AfterProcessingInitializeOnLoad (1ms)
				EditorAssembliesLoaded (0ms)
			ExecutionOrderSort2 (0ms)
			AwakeInstancesAfterBackupRestoration (31ms)
Platform modules already initialized, skipping
Validating Project structure ... 0.000088 seconds.
Shader import version has changed; will reimport all shaders...
Upgrading shader files ...0.000113 seconds.
Application.AssetDatabase Initial Script Refresh Start
RefreshInfo: InitialScriptRefreshV2(NoUpdateAssetOptions) scanfilter:  ... 1 filters
RefreshProfiler: Total: 0.000ms
Application.AssetDatabase Initial Script Refresh End
Application.AssetDatabase.Refresh Start
Application.AssetDatabase.Refresh End
RefreshInfo: StopAssetImportingV2(ForceSynchronousImport) scanfilter: 
RefreshProfiler: Total: 0.000ms
Launching external process: /Applications/Unity/Hub/Editor/2020.3.26f1/Unity.app/Contents/Tools/UnityShaderCompiler
Launched and connected shader compiler UnityShaderCompiler after 0.03 seconds
Initializing Unity extensions:
2022-02-17 19:32:59.225 Unity[1079:13359] NSEventModifierFlagFunction specified to -setKeyEquivalentModifierMask: for item <NSMenuItem: 0x6000014bda40 Font Asset, ke='Command-F12'>, but is only supported for system-provided menu items; will not be used
2022-02-17 19:32:59.228 Unity[1079:13359] NSEventModifierFlagFunction specified to -setKeyEquivalentModifierMask: for item <NSMenuItem: 0x6000014cd180 Font Asset, ke='Command-F12'>, but is only supported for system-provided menu items; will not be used
========================================================================
Worker process is ready to serve import requests
Refreshing native plugins compatible for Editor in 0.19 ms, found 2 plugins.
Preloading 0 native plugins for Editor in 0.00 ms.
Unloading 1504 Unused Serialized files (Serialized files now loaded: 0)
System memory in use before: 157.5 MB.
System memory in use after: 156.6 MB.

Unloading 80 unused Assets to reduce memory usage. Loaded Objects now: 1975.
Total: 2.304250 ms (FindLiveObjects: 0.066208 ms CreateObjectMapping: 0.028709 ms MarkObjects: 1.811791 ms  DeleteObjects: 0.396584 ms)

AssetImportParameters requested are different than current active one (requested -> active):
  custom:video-decoder-ogg-theora: a1e56fd34408186e4bbccfd4996cb3dc -> 
  custom:container-muxer-webm: aa71ff27fc2769a1b78a27578f13a17b -> 
  custom:container-demuxer-webm: 4f35f7cbe854078d1ac9338744f61a02 -> 
  custom:container-demuxer-ogg: 62fdf1f143b41e24485cea50d1cbac27 -> 
  custom:video-encoder-webm-vp8: eb34c28f22e8b96e1ab97ce403110664 -> 
  custom:framework-osx-AVFoundation: e770b220cccbd017edd2c1fefb359320 -> 
  custom:video-decoder-webm-vp8: 9c59270c3fd7afecdb556c50c9e8de78 -> 
  custom:audio-decoder-ogg-vorbis: bf7c407c2cedff20999df2af8eb42d56 -> 
  custom:audio-encoder-webm-vorbis: bf7c407c2cedff20999df2af8eb42d56 -> 
========================================================================
Received Import Request.
  path: Assets/ball Color.mat
  artifactKey: Guid(587dc30b8627741579c7ab48a3a6d158) Importer(815301076,1909f56bfc062723c751e8b465ee728b)
Start importing Assets/ball Color.mat using Guid(587dc30b8627741579c7ab48a3a6d158) Importer(815301076,1909f56bfc062723c751e8b465ee728b)  -> (artifact id: '6fb48e49ad5617f6e468b63a4aa58875') in 0.843379 seconds 
  Import took 0.847061 seconds .

========================================================================
Received Import Request.
  Time since last request: 185.893612 seconds.
  path: Assets/background.mat
  artifactKey: Guid(15d0346f2f0394bc89a3f25278e6fba2) Importer(815301076,1909f56bfc062723c751e8b465ee728b)
Start importing Assets/background.mat using Guid(15d0346f2f0394bc89a3f25278e6fba2) Importer(815301076,1909f56bfc062723c751e8b465ee728b)  -> (artifact id: '103846363302b8a30aaad37cb84ddf94') in 0.015784 seconds 
  Import took 0.018602 seconds .

========================================================================
Received Import Request.
  Time since last request: 781.879250 seconds.
  path: Assets/cubes.mat
  artifactKey: Guid(1abaed3377d244451b953ed4a90f9d56) Importer(815301076,1909f56bfc062723c751e8b465ee728b)
Start importing Assets/cubes.mat using Guid(1abaed3377d244451b953ed4a90f9d56) Importer(815301076,1909f56bfc062723c751e8b465ee728b)  -> (artifact id: '2fb5148764438d1e2001be200973f352') in 0.010264 seconds 
  Import took 0.012990 seconds .

========================================================================
Received Import Request.
  Time since last request: 263.142623 seconds.
  path: Assets/New Material.mat
  artifactKey: Guid(3b2dcaa23280341869ba8d7e4f567899) Importer(815301076,1909f56bfc062723c751e8b465ee728b)
Start importing Assets/New Material.mat using Guid(3b2dcaa23280341869ba8d7e4f567899) Importer(815301076,1909f56bfc062723c751e8b465ee728b)  -> (artifact id: 'bdb7fed4e665edbcd924c8bb1d85df6f') in 0.008459 seconds 
  Import took 0.010711 seconds .

========================================================================
Received Import Request.
  Time since last request: 64.492475 seconds.
  path: Assets/capsule.mat
  artifactKey: Guid(3b2dcaa23280341869ba8d7e4f567899) Importer(815301076,1909f56bfc062723c751e8b465ee728b)
Start importing Assets/capsule.mat using Guid(3b2dcaa23280341869ba8d7e4f567899) Importer(815301076,1909f56bfc062723c751e8b465ee728b)  -> (artifact id: '5a3e3ebdae45c36363df9aa0f510c56b') in 0.011681 seconds 
  Import took 0.014522 seconds .

========================================================================
Received Import Request.
  Time since last request: 388.841706 seconds.
  path: Assets/cylinder.mat
  artifactKey: Guid(4291ab653c49e480e925e79c81e27938) Importer(815301076,1909f56bfc062723c751e8b465ee728b)
Start importing Assets/cylinder.mat using Guid(4291ab653c49e480e925e79c81e27938) Importer(815301076,1909f56bfc062723c751e8b465ee728b)  -> (artifact id: '22bca0b9562e3b5fd18e7aef09180155') in 0.010282 seconds 
  Import took 0.012758 seconds .

========================================================================
Received Import Request.
  Time since last request: 9542.334640 seconds.
  path: Assets/New Terrain.asset
  artifactKey: Guid(2d4bafbadb2644360b67f88e88b63ac4) Importer(815301076,1909f56bfc062723c751e8b465ee728b)
Start importing Assets/New Terrain.asset using Guid(2d4bafbadb2644360b67f88e88b63ac4) Importer(815301076,1909f56bfc062723c751e8b465ee728b)  -> (artifact id: '1dcc6b35ad477ba0a84dee09b7e04845') in 0.078404 seconds 
  Import took 0.088571 seconds .

========================================================================
Received Import Request.
  Time since last request: 2386.981640 seconds.
  path: Assets/background.mat
  artifactKey: Guid(15d0346f2f0394bc89a3f25278e6fba2) Importer(815301076,1909f56bfc062723c751e8b465ee728b)
Start importing Assets/background.mat using Guid(15d0346f2f0394bc89a3f25278e6fba2) Importer(815301076,1909f56bfc062723c751e8b465ee728b)  -> (artifact id: '8a0e99ef7164a97b081fe8ea7a933dca') in 0.035339 seconds 
  Import took 0.055363 seconds .

========================================================================
Received Import Request.
  Time since last request: 0.000216 seconds.
  path: Assets/cylinder.mat
  artifactKey: Guid(4291ab653c49e480e925e79c81e27938) Importer(815301076,1909f56bfc062723c751e8b465ee728b)
Start importing Assets/cylinder.mat using Guid(4291ab653c49e480e925e79c81e27938) Importer(815301076,1909f56bfc062723c751e8b465ee728b)  -> (artifact id: '60ecb2d4da527bd0528d0b6c2990cbc1') in 0.009011 seconds 
  Import took 0.011405 seconds .

========================================================================
Received Import Request.
  Time since last request: 0.000172 seconds.
  path: Assets/cubes.mat
  artifactKey: Guid(1abaed3377d244451b953ed4a90f9d56) Importer(815301076,1909f56bfc062723c751e8b465ee728b)
Start importing Assets/cubes.mat using Guid(1abaed3377d244451b953ed4a90f9d56) Importer(815301076,1909f56bfc062723c751e8b465ee728b)  -> (artifact id: '1480762e0dd96dbf52e8aa2d11de5f9e') in 0.006784 seconds 
  Import took 0.009068 seconds .

========================================================================
Received Import Request.
  Time since last request: 0.000184 seconds.
  path: Assets/capsule.mat
  artifactKey: Guid(3b2dcaa23280341869ba8d7e4f567899) Importer(815301076,1909f56bfc062723c751e8b465ee728b)
Start importing Assets/capsule.mat using Guid(3b2dcaa23280341869ba8d7e4f567899) Importer(815301076,1909f56bfc062723c751e8b465ee728b)  -> (artifact id: 'cbd177b2044f859cf1fc0d4782fda313') in 0.006730 seconds 
  Import took 0.008848 seconds .

========================================================================
Received Import Request.
  Time since last request: 0.000210 seconds.
  path: Assets/ball Color.mat
  artifactKey: Guid(587dc30b8627741579c7ab48a3a6d158) Importer(815301076,1909f56bfc062723c751e8b465ee728b)
Start importing Assets/ball Color.mat using Guid(587dc30b8627741579c7ab48a3a6d158) Importer(815301076,1909f56bfc062723c751e8b465ee728b)  -> (artifact id: '3a6278f244d06d74d91d9b71740b6d90') in 0.006396 seconds 
  Import took 0.008123 seconds .

